<?xml version="1.0" encoding="UTF-8"?>
<beans xmlns="http://www.springframework.org/schema/beans"
	xmlns:xsi="http://www.w3.org/2001/XMLSchema-instance"
	xmlns:context="http://www.springframework.org/schema/context"
	xsi:schemaLocation="http://www.springframework.org/schema/beans http://www.springframework.org/schema/beans/spring-beans-4.3.xsd
	                    http://www.springframework.org/schema/context http://www.springframework.org/schema/context/spring-context-4.3.xsd">

	<context:annotation-config />

	<bean id="dataSourceClientConnector"
		class="com.gigaspaces.persistency.MongoClientConnectorBeanFactory">
		<property name="db" value="${mongodb.db}" />
		<property name="config">
			<bean id="config" class="com.mongodb.MongoClient">
				<constructor-arg value="localhost" type="java.lang.String" />
				<constructor-arg value="27017" type="int" />
				<property name="writeConcern" value="ACKNOWLEDGED" />
			</bean>
		</property>
	</bean>

	<bean id="syncEndpointClientConnector"
		class="com.gigaspaces.persistency.MongoClientConnectorBeanFactory">
		<property name="db" value="${mongodb.db}" />
		<property name="config">
			<bean id="config" class="com.mongodb.MongoClient">
				<constructor-arg value="localhost" type="java.lang.String" />
				<constructor-arg value="27017" type="int" />
				<property name="writeConcern" value="ACKNOWLEDGED" />
			</bean>
		</property>
	</bean>

	<bean id="mongoSpaceDataSource"
		class="com.gigaspaces.persistency.MongoSpaceDataSourceBeanFactory">
		<property name="mongoClientConnector" ref="dataSourceClientConnector" />
	</bean>

	<bean id="mongoSpaceSyncEndpoint"
		class="com.gigaspaces.persistency.MongoSpaceSynchronizationEndpointBeanFactory">
		<property name="mongoClientConnector" ref="syncEndpointClientConnector" />
	</bean>

</beans>
